Using pre-set license
Built from '2022.3/staging' branch; Version is '2022.3.37f1 (340ba89e4c23) revision 3410856'; Using compiler version '192829333'; Build Type 'Release'
OS: 'Windows 11  (10.0.22631) 64bit CoreCountrySpecific' Language: 'zh' Physical Memory: 16110 MB
BatchMode: 1, IsHumanControllingUs: 0, StartBugReporterOnCrash: 0, Is64bit: 1, IsPro: 1

COMMAND LINE ARGUMENTS:
D:\UnityEditor\2022.3.37f1\Editor\Unity.exe
-adb2
-batchMode
-noUpm
-name
AssetImportWorker0
-projectPath
D:/Code/Study/TowerDefenseProject
-logFile
Logs/AssetImportWorker0.log
-srvPort
10500
Successfully changed project path to: D:/Code/Study/TowerDefenseProject
D:/Code/Study/TowerDefenseProject
[UnityMemory] Configuration Parameters - Can be set up in boot.config
    "memorysetup-bucket-allocator-granularity=16"
    "memorysetup-bucket-allocator-bucket-count=8"
    "memorysetup-bucket-allocator-block-size=33554432"
    "memorysetup-bucket-allocator-block-count=8"
    "memorysetup-main-allocator-block-size=16777216"
    "memorysetup-thread-allocator-block-size=16777216"
    "memorysetup-gfx-main-allocator-block-size=16777216"
    "memorysetup-gfx-thread-allocator-block-size=16777216"
    "memorysetup-cache-allocator-block-size=4194304"
    "memorysetup-typetree-allocator-block-size=2097152"
    "memorysetup-profiler-bucket-allocator-granularity=16"
    "memorysetup-profiler-bucket-allocator-bucket-count=8"
    "memorysetup-profiler-bucket-allocator-block-size=33554432"
    "memorysetup-profiler-bucket-allocator-block-count=8"
    "memorysetup-profiler-allocator-block-size=16777216"
    "memorysetup-profiler-editor-allocator-block-size=1048576"
    "memorysetup-temp-allocator-size-main=16777216"
    "memorysetup-job-temp-allocator-block-size=2097152"
    "memorysetup-job-temp-allocator-block-size-background=1048576"
    "memorysetup-job-temp-allocator-reduction-small-platforms=262144"
    "memorysetup-allocator-temp-initial-block-size-main=262144"
    "memorysetup-allocator-temp-initial-block-size-worker=262144"
    "memorysetup-temp-allocator-size-background-worker=32768"
    "memorysetup-temp-allocator-size-job-worker=262144"
    "memorysetup-temp-allocator-size-preload-manager=33554432"
    "memorysetup-temp-allocator-size-nav-mesh-worker=65536"
    "memorysetup-temp-allocator-size-audio-worker=65536"
    "memorysetup-temp-allocator-size-cloud-worker=32768"
    "memorysetup-temp-allocator-size-gi-baking-worker=262144"
    "memorysetup-temp-allocator-size-gfx=262144"
Player connection [10520] Host "[IP] 10.40.1.168 [Port] 0 [Flags] 2 [Guid] 1389228977 [EditorId] 1389228977 [Version] 1048832 [Id] WindowsEditor(7,loochy) [Debug] 1 [PackageName] WindowsEditor [ProjectName] Editor" joined multi-casting on [225.0.0.222:54997]...

Player connection [10520] Host "[IP] 10.40.1.168 [Port] 0 [Flags] 2 [Guid] 1389228977 [EditorId] 1389228977 [Version] 1048832 [Id] WindowsEditor(7,loochy) [Debug] 1 [PackageName] WindowsEditor [ProjectName] Editor" joined alternative multi-casting on [225.0.0.222:34997]...

[PhysX] Initialized MultithreadedTaskDispatcher with 16 workers.
Refreshing native plugins compatible for Editor in 23.94 ms, found 3 plugins.
Preloading 0 native plugins for Editor in 0.00 ms.
Initialize engine version: 2022.3.37f1 (340ba89e4c23)
[Subsystems] Discovering subsystems at path D:/UnityEditor/2022.3.37f1/Editor/Data/Resources/UnitySubsystems
[Subsystems] Discovering subsystems at path D:/Code/Study/TowerDefenseProject/Assets
GfxDevice: creating device client; threaded=0; jobified=0
Direct3D:
    Version:  Direct3D 11.0 [level 11.1]
    Renderer: Intel(R) Iris(R) Xe Graphics (ID=0x46a6)
    Vendor:   Intel
    VRAM:     8055 MB
    Driver:   31.0.101.3358
Initialize mono
Mono path[0] = 'D:/UnityEditor/2022.3.37f1/Editor/Data/Managed'
Mono path[1] = 'D:/UnityEditor/2022.3.37f1/Editor/Data/MonoBleedingEdge/lib/mono/unityjit-win32'
Mono config path = 'D:/UnityEditor/2022.3.37f1/Editor/Data/MonoBleedingEdge/etc'
Using monoOptions --debugger-agent=transport=dt_socket,embedding=1,server=y,suspend=n,address=127.0.0.1:56548
Begin MonoManager ReloadAssembly
Registering precompiled unity dll's ...
Register platform support module: D:/UnityEditor/2022.3.37f1/Editor/Data/PlaybackEngines/WindowsStandaloneSupport/UnityEditor.WindowsStandalone.Extensions.dll
Registered in 0.014752 seconds.
- Loaded All Assemblies, in  0.553 seconds
Native extension for WindowsStandalone target not found
Mono: successfully reloaded assembly
- Finished resetting the current domain, in  0.372 seconds
Domain Reload Profiling: 921ms
	BeginReloadAssembly (191ms)
		ExecutionOrderSort (0ms)
		DisableScriptedObjects (0ms)
		BackupInstance (0ms)
		ReleaseScriptingObjects (0ms)
		CreateAndSetChildDomain (1ms)
	RebuildCommonClasses (47ms)
	RebuildNativeTypeToScriptingClass (15ms)
	initialDomainReloadingComplete (101ms)
	LoadAllAssembliesAndSetupDomain (195ms)
		LoadAssemblies (185ms)
		RebuildTransferFunctionScriptingTraits (0ms)
		AnalyzeDomain (191ms)
			TypeCache.Refresh (189ms)
				TypeCache.ScanAssembly (171ms)
			ScanForSourceGeneratedMonoScriptInfo (0ms)
			ResolveRequiredComponents (1ms)
	FinalizeReload (373ms)
		ReleaseScriptCaches (0ms)
		RebuildScriptCaches (0ms)
		SetupLoadedEditorAssemblies (297ms)
			LogAssemblyErrors (0ms)
			InitializePlatformSupportModulesInManaged (14ms)
			SetLoadedEditorAssemblies (10ms)
			RefreshPlugins (0ms)
			BeforeProcessingInitializeOnLoad (3ms)
			ProcessInitializeOnLoadAttributes (199ms)
			ProcessInitializeOnLoadMethodAttributes (71ms)
			AfterProcessingInitializeOnLoad (0ms)
			EditorAssembliesLoaded (0ms)
		ExecutionOrderSort2 (0ms)
		AwakeInstancesAfterBackupRestoration (0ms)
========================================================================
Worker process is ready to serve import requests
Begin MonoManager ReloadAssembly
Symbol file LoadedFromMemory doesn't match image D:\Code\Study\TowerDefenseProject\Library\PackageCache\com.unity.visualscripting@1.8.0\Editor\VisualScripting.Core\Dependencies\YamlDotNet\Unity.VisualScripting.YamlDotNet.dll
Symbol file LoadedFromMemory doesn't match image D:\Code\Study\TowerDefenseProject\Library\PackageCache\com.unity.visualscripting@1.8.0\Editor\VisualScripting.Core\Dependencies\DotNetZip\Unity.VisualScripting.IonicZip.dll
- Loaded All Assemblies, in  0.946 seconds
Refreshing native plugins compatible for Editor in 6.25 ms, found 3 plugins.
Native extension for WindowsStandalone target not found
Package Manager log level set to [2]
[Package Manager] Server::EnsureServerProcessIsRunning -- launch failed, reason: Unity was launched with the -noUpm command-line argument
[Package Manager] UpmClient::Send -- Unable to send message (not connected to UPM process).
[Package Manager] Cannot connect to Unity Package Manager local server
Mono: successfully reloaded assembly
- Finished resetting the current domain, in  1.073 seconds
Domain Reload Profiling: 2012ms
	BeginReloadAssembly (218ms)
		ExecutionOrderSort (0ms)
		DisableScriptedObjects (7ms)
		BackupInstance (0ms)
		ReleaseScriptingObjects (0ms)
		CreateAndSetChildDomain (24ms)
	RebuildCommonClasses (49ms)
	RebuildNativeTypeToScriptingClass (14ms)
	initialDomainReloadingComplete (75ms)
	LoadAllAssembliesAndSetupDomain (582ms)
		LoadAssemblies (499ms)
		RebuildTransferFunctionScriptingTraits (0ms)
		AnalyzeDomain (220ms)
			TypeCache.Refresh (198ms)
				TypeCache.ScanAssembly (181ms)
			ScanForSourceGeneratedMonoScriptInfo (16ms)
			ResolveRequiredComponents (4ms)
	FinalizeReload (1074ms)
		ReleaseScriptCaches (0ms)
		RebuildScriptCaches (0ms)
		SetupLoadedEditorAssemblies (883ms)
			LogAssemblyErrors (0ms)
			InitializePlatformSupportModulesInManaged (10ms)
			SetLoadedEditorAssemblies (6ms)
			RefreshPlugins (0ms)
			BeforeProcessingInitializeOnLoad (106ms)
			ProcessInitializeOnLoadAttributes (715ms)
			ProcessInitializeOnLoadMethodAttributes (31ms)
			AfterProcessingInitializeOnLoad (16ms)
			EditorAssembliesLoaded (0ms)
		ExecutionOrderSort2 (0ms)
		AwakeInstancesAfterBackupRestoration (11ms)
Launched and connected shader compiler UnityShaderCompiler.exe after 0.09 seconds
Refreshing native plugins compatible for Editor in 8.96 ms, found 3 plugins.
Preloading 0 native plugins for Editor in 0.00 ms.
Unloading 3113 Unused Serialized files (Serialized files now loaded: 0)
Unloading 32 unused Assets / (57.1 KB). Loaded Objects now: 3575.
Memory consumption went from 124.0 MB to 124.0 MB.
Total: 3.948200 ms (FindLiveObjects: 0.219500 ms CreateObjectMapping: 0.100400 ms MarkObjects: 3.495500 ms  DeleteObjects: 0.131000 ms)

AssetImportParameters requested are different than current active one (requested -> active):
  custom:container-demuxer-ogg: 62fdf1f143b41e24485cea50d1cbac27 -> 
  custom:video-codec-MediaFoundation-h265: 746d11721c4dcdbdad8f713fa42b33f4 -> 
  custom:video-decoder-ogg-theora: a1e56fd34408186e4bbccfd4996cb3dc -> 
  custom:framework-win-MediaFoundation: 216162199b28c13a410421893ffa2e32 -> 
  custom:CustomObjectIndexerAttribute: 9a22284fe3817be447336de3de66b15e -> 
  custom:container-demuxer-webm: 4f35f7cbe854078d1ac9338744f61a02 -> 
  custom:container-muxer-webm: aa71ff27fc2769a1b78a27578f13a17b -> 
  custom:video-decoder-webm-vp8: 9c59270c3fd7afecdb556c50c9e8de78 -> 
  custom:SearchIndexIgnoredProperties: e643bd26f0fe6173181afceb89e7c659 -> 
  custom:AudioImporter_EditorPlatform: d09bf68614088b80899f8185d706f6e7 -> 
  custom:video-encoder-webm-vp8: eb34c28f22e8b96e1ab97ce403110664 -> 
  custom:audio-decoder-ogg-vorbis: bf7c407c2cedff20999df2af8eb42d56 -> 
  custom:audio-encoder-webm-vorbis: bf7c407c2cedff20999df2af8eb42d56 -> 
========================================================================
Received Import Request.
  Time since last request: 148884.117238 seconds.
  path: Assets/Golems/Prefabs/golem_ice.prefab
  artifactKey: Guid(e6a6b8e676d95984f89a4461f2ea0ceb) Importer(815301076,1909f56bfc062723c751e8b465ee728b)
Start importing Assets/Golems/Prefabs/golem_ice.prefab using Guid(e6a6b8e676d95984f89a4461f2ea0ceb) Importer(815301076,1909f56bfc062723c751e8b465ee728b) [PhysX] Initialized MultithreadedTaskDispatcher with 16 workers.
[PhysX] Initialized MultithreadedTaskDispatcher with 16 workers.
 -> (artifact id: '0a30b39c24b9a2ee00144b18a0e8ff3f') in 0.477052 seconds
Number of updated asset objects reloaded before import = 0
Number of asset objects unloaded after import = 164
========================================================================
Received Import Request.
  Time since last request: 29.509056 seconds.
  path: Assets/Goblins_pack/Prefabs/Goblin_shaman.prefab
  artifactKey: Guid(cd76dfe2da78fcb48a5ac9f0ccf74195) Importer(815301076,1909f56bfc062723c751e8b465ee728b)
Start importing Assets/Goblins_pack/Prefabs/Goblin_shaman.prefab using Guid(cd76dfe2da78fcb48a5ac9f0ccf74195) Importer(815301076,1909f56bfc062723c751e8b465ee728b) [PhysX] Initialized MultithreadedTaskDispatcher with 16 workers.
[PhysX] Initialized MultithreadedTaskDispatcher with 16 workers.
 -> (artifact id: '35738ab5d89290db1fcf3b28bf8b8cfd') in 0.618760 seconds
Number of updated asset objects reloaded before import = 0
Number of asset objects unloaded after import = 254
========================================================================
Received Import Request.
  Time since last request: 4.757379 seconds.
  path: Assets/Frogman_Beast/Prefabs/Frogman_beast_blu.prefab
  artifactKey: Guid(334489abf60efa0489ca6ae4ef57d423) Importer(815301076,1909f56bfc062723c751e8b465ee728b)
Start importing Assets/Frogman_Beast/Prefabs/Frogman_beast_blu.prefab using Guid(334489abf60efa0489ca6ae4ef57d423) Importer(815301076,1909f56bfc062723c751e8b465ee728b) [PhysX] Initialized MultithreadedTaskDispatcher with 16 workers.
[PhysX] Initialized MultithreadedTaskDispatcher with 16 workers.
 -> (artifact id: 'b7269cf13f7cca1f860e37fb303f9803') in 0.082856 seconds
Number of updated asset objects reloaded before import = 0
Number of asset objects unloaded after import = 199
========================================================================
Received Import Request.
  Time since last request: 0.000031 seconds.
  path: Assets/Frogman_Beast/Prefabs/Frogman_beast_vio.prefab
  artifactKey: Guid(d14786b4f45d5a4469e31353c9e59aa8) Importer(815301076,1909f56bfc062723c751e8b465ee728b)
Start importing Assets/Frogman_Beast/Prefabs/Frogman_beast_vio.prefab using Guid(d14786b4f45d5a4469e31353c9e59aa8) Importer(815301076,1909f56bfc062723c751e8b465ee728b) [PhysX] Initialized MultithreadedTaskDispatcher with 16 workers.
[PhysX] Initialized MultithreadedTaskDispatcher with 16 workers.
 -> (artifact id: '9bb7eecf48528224d2a6070065bbcd95') in 0.072660 seconds
Number of updated asset objects reloaded before import = 0
Number of asset objects unloaded after import = 199
========================================================================
Received Import Request.
  Time since last request: 39.578934 seconds.
  path: Assets/Monster-Rabbit/Prefabs/Monster_rabbit.prefab
  artifactKey: Guid(5d4c66f0506f2a94e89ea43f740282bc) Importer(815301076,1909f56bfc062723c751e8b465ee728b)
Start importing Assets/Monster-Rabbit/Prefabs/Monster_rabbit.prefab using Guid(5d4c66f0506f2a94e89ea43f740282bc) Importer(815301076,1909f56bfc062723c751e8b465ee728b) [PhysX] Initialized MultithreadedTaskDispatcher with 16 workers.
[PhysX] Initialized MultithreadedTaskDispatcher with 16 workers.
 -> (artifact id: 'e909816ac48379b8bf4c0fa8410d419f') in 0.111419 seconds
Number of updated asset objects reloaded before import = 0
Number of asset objects unloaded after import = 195
========================================================================
Received Import Request.
  Time since last request: 10.001435 seconds.
  path: Assets/iguana/iguana.fbx
  artifactKey: Guid(d0e51fb783a10c3479fa6f7fae9f3041) Importer(815301076,1909f56bfc062723c751e8b465ee728b)
Start importing Assets/iguana/iguana.fbx using Guid(d0e51fb783a10c3479fa6f7fae9f3041) Importer(815301076,1909f56bfc062723c751e8b465ee728b) [PhysX] Initialized MultithreadedTaskDispatcher with 16 workers.
[PhysX] Initialized MultithreadedTaskDispatcher with 16 workers.
[PhysX] Initialized MultithreadedTaskDispatcher with 16 workers.
[PhysX] Initialized MultithreadedTaskDispatcher with 16 workers.
[PhysX] Initialized MultithreadedTaskDispatcher with 16 workers.
[PhysX] Initialized MultithreadedTaskDispatcher with 16 workers.
[PhysX] Initialized MultithreadedTaskDispatcher with 16 workers.
[PhysX] Initialized MultithreadedTaskDispatcher with 16 workers.
[PhysX] Initialized MultithreadedTaskDispatcher with 16 workers.
[PhysX] Initialized MultithreadedTaskDispatcher with 16 workers.
[PhysX] Initialized MultithreadedTaskDispatcher with 16 workers.
[PhysX] Initialized MultithreadedTaskDispatcher with 16 workers.
 -> (artifact id: '2e2212e43df69b9bd5193717bbefe8a0') in 0.232053 seconds
Number of updated asset objects reloaded before import = 0
Number of asset objects unloaded after import = 217
========================================================================
Received Import Request.
  Time since last request: 9.961808 seconds.
  path: Assets/iguana/Prefabs/iguana_all.prefab
  artifactKey: Guid(bb20a31181b631c42a2256dc63fab447) Importer(815301076,1909f56bfc062723c751e8b465ee728b)
Start importing Assets/iguana/Prefabs/iguana_all.prefab using Guid(bb20a31181b631c42a2256dc63fab447) Importer(815301076,1909f56bfc062723c751e8b465ee728b) [PhysX] Initialized MultithreadedTaskDispatcher with 16 workers.
[PhysX] Initialized MultithreadedTaskDispatcher with 16 workers.
 -> (artifact id: '11a74958809782f55f5419bd920a87c7') in 0.069790 seconds
Number of updated asset objects reloaded before import = 0
Number of asset objects unloaded after import = 269
========================================================================
Received Import Request.
  Time since last request: 47.339827 seconds.
  path: Assets/iguana/Prefabs/iguana_all.prefab
  artifactKey: Guid(bb20a31181b631c42a2256dc63fab447) Importer(815301076,1909f56bfc062723c751e8b465ee728b)
Start importing Assets/iguana/Prefabs/iguana_all.prefab using Guid(bb20a31181b631c42a2256dc63fab447) Importer(815301076,1909f56bfc062723c751e8b465ee728b) [PhysX] Initialized MultithreadedTaskDispatcher with 16 workers.
[PhysX] Initialized MultithreadedTaskDispatcher with 16 workers.
 -> (artifact id: '1ac4cccfdbc38e55aa2910397832095f') in 0.067459 seconds
Number of updated asset objects reloaded before import = 0
Number of asset objects unloaded after import = 287
========================================================================
Received Import Request.
  Time since last request: 47.925728 seconds.
  path: Assets/iguana/Prefabs/iguana_all.prefab
  artifactKey: Guid(bb20a31181b631c42a2256dc63fab447) Importer(815301076,1909f56bfc062723c751e8b465ee728b)
Start importing Assets/iguana/Prefabs/iguana_all.prefab using Guid(bb20a31181b631c42a2256dc63fab447) Importer(815301076,1909f56bfc062723c751e8b465ee728b) [PhysX] Initialized MultithreadedTaskDispatcher with 16 workers.
[PhysX] Initialized MultithreadedTaskDispatcher with 16 workers.
 -> (artifact id: '17314956034171c948c53498e6cff24d') in 0.059082 seconds
Number of updated asset objects reloaded before import = 0
Number of asset objects unloaded after import = 287
========================================================================
Received Import Request.
  Time since last request: 1.352667 seconds.
  path: Assets/iguana/Prefabs/iguana_all.prefab
  artifactKey: Guid(bb20a31181b631c42a2256dc63fab447) Importer(815301076,1909f56bfc062723c751e8b465ee728b)
Start importing Assets/iguana/Prefabs/iguana_all.prefab using Guid(bb20a31181b631c42a2256dc63fab447) Importer(815301076,1909f56bfc062723c751e8b465ee728b) [PhysX] Initialized MultithreadedTaskDispatcher with 16 workers.
[PhysX] Initialized MultithreadedTaskDispatcher with 16 workers.
 -> (artifact id: 'd38415813ee070e093f3308940cde6c1') in 0.085906 seconds
Number of updated asset objects reloaded before import = 0
Number of asset objects unloaded after import = 287
========================================================================
Received Import Request.
  Time since last request: 1.180194 seconds.
  path: Assets/iguana/Prefabs/iguana_all.prefab
  artifactKey: Guid(bb20a31181b631c42a2256dc63fab447) Importer(815301076,1909f56bfc062723c751e8b465ee728b)
Start importing Assets/iguana/Prefabs/iguana_all.prefab using Guid(bb20a31181b631c42a2256dc63fab447) Importer(815301076,1909f56bfc062723c751e8b465ee728b) [PhysX] Initialized MultithreadedTaskDispatcher with 16 workers.
[PhysX] Initialized MultithreadedTaskDispatcher with 16 workers.
 -> (artifact id: 'faeb52482969503c276763be7503dd9d') in 0.069719 seconds
Number of updated asset objects reloaded before import = 0
Number of asset objects unloaded after import = 287
========================================================================
Received Import Request.
  Time since last request: 162.536097 seconds.
  path: Assets/Golems/Prefabs/golem_lava.prefab
  artifactKey: Guid(4d9f5b383580e32419acbe073deff85b) Importer(815301076,1909f56bfc062723c751e8b465ee728b)
Start importing Assets/Golems/Prefabs/golem_lava.prefab using Guid(4d9f5b383580e32419acbe073deff85b) Importer(815301076,1909f56bfc062723c751e8b465ee728b) [PhysX] Initialized MultithreadedTaskDispatcher with 16 workers.
[PhysX] Initialized MultithreadedTaskDispatcher with 16 workers.
 -> (artifact id: '4d677cf1fdaadd18993c6f2facf6b156') in 0.069250 seconds
Number of updated asset objects reloaded before import = 0
Number of asset objects unloaded after import = 183
========================================================================
Received Import Request.
  Time since last request: 9.440480 seconds.
  path: Assets/Golems/Prefabs/golem_lava.prefab
  artifactKey: Guid(4d9f5b383580e32419acbe073deff85b) Importer(815301076,1909f56bfc062723c751e8b465ee728b)
Start importing Assets/Golems/Prefabs/golem_lava.prefab using Guid(4d9f5b383580e32419acbe073deff85b) Importer(815301076,1909f56bfc062723c751e8b465ee728b) [PhysX] Initialized MultithreadedTaskDispatcher with 16 workers.
[PhysX] Initialized MultithreadedTaskDispatcher with 16 workers.
 -> (artifact id: 'af282cc76ff1bcdd89a5017bb42a56fb') in 0.056366 seconds
Number of updated asset objects reloaded before import = 0
Number of asset objects unloaded after import = 183
========================================================================
Received Import Request.
  Time since last request: 4.574736 seconds.
  path: Assets/Golems/Prefabs/golem_lava.prefab
  artifactKey: Guid(4d9f5b383580e32419acbe073deff85b) Importer(815301076,1909f56bfc062723c751e8b465ee728b)
Start importing Assets/Golems/Prefabs/golem_lava.prefab using Guid(4d9f5b383580e32419acbe073deff85b) Importer(815301076,1909f56bfc062723c751e8b465ee728b) [PhysX] Initialized MultithreadedTaskDispatcher with 16 workers.
[PhysX] Initialized MultithreadedTaskDispatcher with 16 workers.
 -> (artifact id: '830a74e97803928f0290995c11717bfb') in 0.052718 seconds
Number of updated asset objects reloaded before import = 0
Number of asset objects unloaded after import = 183
========================================================================
Received Import Request.
  Time since last request: 18.474827 seconds.
  path: Assets/Scenes/02-GameScene.unity
  artifactKey: Guid(9fc0d4010bbf28b4594072e72b8655ab) Importer(815301076,1909f56bfc062723c751e8b465ee728b)
Start importing Assets/Scenes/02-GameScene.unity using Guid(9fc0d4010bbf28b4594072e72b8655ab) Importer(815301076,1909f56bfc062723c751e8b465ee728b) [PhysX] Initialized MultithreadedTaskDispatcher with 16 workers.
 -> (artifact id: '519819383f2b06c9331c43d6eb4ed18d') in 0.003235 seconds
Number of updated asset objects reloaded before import = 0
Number of asset objects unloaded after import = 0
========================================================================
Received Import Request.
  Time since last request: 24.917419 seconds.
  path: Assets/iguana/Prefabs/iguana_all.prefab
  artifactKey: Guid(bb20a31181b631c42a2256dc63fab447) Importer(815301076,1909f56bfc062723c751e8b465ee728b)
Start importing Assets/iguana/Prefabs/iguana_all.prefab using Guid(bb20a31181b631c42a2256dc63fab447) Importer(815301076,1909f56bfc062723c751e8b465ee728b) [PhysX] Initialized MultithreadedTaskDispatcher with 16 workers.
[PhysX] Initialized MultithreadedTaskDispatcher with 16 workers.
 -> (artifact id: 'be26b95980a211651017a03b6556a00e') in 0.066272 seconds
Number of updated asset objects reloaded before import = 0
Number of asset objects unloaded after import = 287
========================================================================
Received Import Request.
  Time since last request: 5.647343 seconds.
  path: Assets/Goblins_pack/Prefabs/Goblin_shaman.prefab
  artifactKey: Guid(cd76dfe2da78fcb48a5ac9f0ccf74195) Importer(815301076,1909f56bfc062723c751e8b465ee728b)
Start importing Assets/Goblins_pack/Prefabs/Goblin_shaman.prefab using Guid(cd76dfe2da78fcb48a5ac9f0ccf74195) Importer(815301076,1909f56bfc062723c751e8b465ee728b) [PhysX] Initialized MultithreadedTaskDispatcher with 16 workers.
[PhysX] Initialized MultithreadedTaskDispatcher with 16 workers.
 -> (artifact id: '0384722f38b58cdf9ca61c3499cce337') in 0.061848 seconds
Number of updated asset objects reloaded before import = 0
Number of asset objects unloaded after import = 254
========================================================================
Received Import Request.
  Time since last request: 0.420476 seconds.
  path: Assets/iguana/iguana.fbx
  artifactKey: Guid(d0e51fb783a10c3479fa6f7fae9f3041) Importer(815301076,1909f56bfc062723c751e8b465ee728b)
Start importing Assets/iguana/iguana.fbx using Guid(d0e51fb783a10c3479fa6f7fae9f3041) Importer(815301076,1909f56bfc062723c751e8b465ee728b) [PhysX] Initialized MultithreadedTaskDispatcher with 16 workers.
[PhysX] Initialized MultithreadedTaskDispatcher with 16 workers.
[PhysX] Initialized MultithreadedTaskDispatcher with 16 workers.
[PhysX] Initialized MultithreadedTaskDispatcher with 16 workers.
[PhysX] Initialized MultithreadedTaskDispatcher with 16 workers.
[PhysX] Initialized MultithreadedTaskDispatcher with 16 workers.
[PhysX] Initialized MultithreadedTaskDispatcher with 16 workers.
[PhysX] Initialized MultithreadedTaskDispatcher with 16 workers.
[PhysX] Initialized MultithreadedTaskDispatcher with 16 workers.
[PhysX] Initialized MultithreadedTaskDispatcher with 16 workers.
[PhysX] Initialized MultithreadedTaskDispatcher with 16 workers.
[PhysX] Initialized MultithreadedTaskDispatcher with 16 workers.
 -> (artifact id: '4627b945807fdab1583580d4ab01e6f8') in 0.204400 seconds
Number of updated asset objects reloaded before import = 0
Number of asset objects unloaded after import = 217
========================================================================
Received Import Request.
  Time since last request: 19.949005 seconds.
  path: Assets/iguana/Prefabs/iguana_all.prefab
  artifactKey: Guid(bb20a31181b631c42a2256dc63fab447) Importer(815301076,1909f56bfc062723c751e8b465ee728b)
Start importing Assets/iguana/Prefabs/iguana_all.prefab using Guid(bb20a31181b631c42a2256dc63fab447) Importer(815301076,1909f56bfc062723c751e8b465ee728b) [PhysX] Initialized MultithreadedTaskDispatcher with 16 workers.
[PhysX] Initialized MultithreadedTaskDispatcher with 16 workers.
 -> (artifact id: '4fdff2c6650d35fc9e7751d198df8ab7') in 0.067413 seconds
Number of updated asset objects reloaded before import = 0
Number of asset objects unloaded after import = 287
========================================================================
Received Import Request.
  Time since last request: 5.319436 seconds.
  path: Assets/Golems/Prefabs/golem_ice.prefab
  artifactKey: Guid(e6a6b8e676d95984f89a4461f2ea0ceb) Importer(815301076,1909f56bfc062723c751e8b465ee728b)
Start importing Assets/Golems/Prefabs/golem_ice.prefab using Guid(e6a6b8e676d95984f89a4461f2ea0ceb) Importer(815301076,1909f56bfc062723c751e8b465ee728b) [PhysX] Initialized MultithreadedTaskDispatcher with 16 workers.
[PhysX] Initialized MultithreadedTaskDispatcher with 16 workers.
 -> (artifact id: '77a6781dc19c52bc8d3a7392af31a615') in 0.065762 seconds
Number of updated asset objects reloaded before import = 0
Number of asset objects unloaded after import = 164
========================================================================
Received Import Request.
  Time since last request: 4.463275 seconds.
  path: Assets/Golems/Prefabs/golem_lava.prefab
  artifactKey: Guid(4d9f5b383580e32419acbe073deff85b) Importer(815301076,1909f56bfc062723c751e8b465ee728b)
Start importing Assets/Golems/Prefabs/golem_lava.prefab using Guid(4d9f5b383580e32419acbe073deff85b) Importer(815301076,1909f56bfc062723c751e8b465ee728b) [PhysX] Initialized MultithreadedTaskDispatcher with 16 workers.
[PhysX] Initialized MultithreadedTaskDispatcher with 16 workers.
 -> (artifact id: 'c961c9b3dc34a69bbe2970c87c50c5d1') in 0.062447 seconds
Number of updated asset objects reloaded before import = 0
Number of asset objects unloaded after import = 183
========================================================================
Received Import Request.
  Time since last request: 33.956395 seconds.
  path: Assets/Golems/golems_pack.fbx
  artifactKey: Guid(285c605c07ba58a46ab1d3941f98e55e) Importer(815301076,1909f56bfc062723c751e8b465ee728b)
Start importing Assets/Golems/golems_pack.fbx using Guid(285c605c07ba58a46ab1d3941f98e55e) Importer(815301076,1909f56bfc062723c751e8b465ee728b) [PhysX] Initialized MultithreadedTaskDispatcher with 16 workers.
[PhysX] Initialized MultithreadedTaskDispatcher with 16 workers.
[PhysX] Initialized MultithreadedTaskDispatcher with 16 workers.
[PhysX] Initialized MultithreadedTaskDispatcher with 16 workers.
[PhysX] Initialized MultithreadedTaskDispatcher with 16 workers.
[PhysX] Initialized MultithreadedTaskDispatcher with 16 workers.
[PhysX] Initialized MultithreadedTaskDispatcher with 16 workers.
[PhysX] Initialized MultithreadedTaskDispatcher with 16 workers.
 -> (artifact id: '3ed78ab6a763e45b50a47d2d1c695d51') in 0.124600 seconds
Number of updated asset objects reloaded before import = 0
Number of asset objects unloaded after import = 118
========================================================================
Received Import Request.
  Time since last request: 8.767222 seconds.
  path: Assets/Prefabs/Turret/MissileTurret.prefab
  artifactKey: Guid(bca037bc18c6c8647bc506d8528b0a24) Importer(815301076,1909f56bfc062723c751e8b465ee728b)
Start importing Assets/Prefabs/Turret/MissileTurret.prefab using Guid(bca037bc18c6c8647bc506d8528b0a24) Importer(815301076,1909f56bfc062723c751e8b465ee728b) [PhysX] Initialized MultithreadedTaskDispatcher with 16 workers.
[PhysX] Initialized MultithreadedTaskDispatcher with 16 workers.
 -> (artifact id: 'ec770c131f32d00708691061e954964e') in 0.038850 seconds
Number of updated asset objects reloaded before import = 0
Number of asset objects unloaded after import = 40
========================================================================
Received Import Request.
  Time since last request: 21.409753 seconds.
  path: Assets/Frogman_Beast/Frogman_beast.fbx
  artifactKey: Guid(f3c83a0d20583f9418b08db95833b7e1) Importer(815301076,1909f56bfc062723c751e8b465ee728b)
Start importing Assets/Frogman_Beast/Frogman_beast.fbx using Guid(f3c83a0d20583f9418b08db95833b7e1) Importer(815301076,1909f56bfc062723c751e8b465ee728b) [PhysX] Initialized MultithreadedTaskDispatcher with 16 workers.
[PhysX] Initialized MultithreadedTaskDispatcher with 16 workers.
[PhysX] Initialized MultithreadedTaskDispatcher with 16 workers.
[PhysX] Initialized MultithreadedTaskDispatcher with 16 workers.
 -> (artifact id: '043650246ffffa5353df0812dbe54a4c') in 0.090301 seconds
Number of updated asset objects reloaded before import = 0
Number of asset objects unloaded after import = 150
========================================================================
Received Import Request.
  Time since last request: 0.284365 seconds.
  path: Assets/Goblins_pack/FBX/Goblins.fbx
  artifactKey: Guid(f80781be66fad4b4d8009b408672c2a0) Importer(815301076,1909f56bfc062723c751e8b465ee728b)
Start importing Assets/Goblins_pack/FBX/Goblins.fbx using Guid(f80781be66fad4b4d8009b408672c2a0) Importer(815301076,1909f56bfc062723c751e8b465ee728b) [PhysX] Initialized MultithreadedTaskDispatcher with 16 workers.
[PhysX] Initialized MultithreadedTaskDispatcher with 16 workers.
[PhysX] Initialized MultithreadedTaskDispatcher with 16 workers.
[PhysX] Initialized MultithreadedTaskDispatcher with 16 workers.
[PhysX] Initialized MultithreadedTaskDispatcher with 16 workers.
[PhysX] Initialized MultithreadedTaskDispatcher with 16 workers.
[PhysX] Initialized MultithreadedTaskDispatcher with 16 workers.
[PhysX] Initialized MultithreadedTaskDispatcher with 16 workers.
[PhysX] Initialized MultithreadedTaskDispatcher with 16 workers.
[PhysX] Initialized MultithreadedTaskDispatcher with 16 workers.
[PhysX] Initialized MultithreadedTaskDispatcher with 16 workers.
[PhysX] Initialized MultithreadedTaskDispatcher with 16 workers.
[PhysX] Initialized MultithreadedTaskDispatcher with 16 workers.
[PhysX] Initialized MultithreadedTaskDispatcher with 16 workers.
 -> (artifact id: '8b48e4dc6cec9e8be3d85bc424726634') in 0.155330 seconds
Number of updated asset objects reloaded before import = 0
Number of asset objects unloaded after import = 214
========================================================================
Received Import Request.
  Time since last request: 1.114291 seconds.
  path: Assets/Goblins_pack/Prefabs/Goblins_all.prefab
  artifactKey: Guid(1cedb6c499433e347bbfc65d7696fc82) Importer(815301076,1909f56bfc062723c751e8b465ee728b)
Start importing Assets/Goblins_pack/Prefabs/Goblins_all.prefab using Guid(1cedb6c499433e347bbfc65d7696fc82) Importer(815301076,1909f56bfc062723c751e8b465ee728b) [PhysX] Initialized MultithreadedTaskDispatcher with 16 workers.
[PhysX] Initialized MultithreadedTaskDispatcher with 16 workers.
 -> (artifact id: '45cf278e2f936aa79cf625630042b743') in 0.061793 seconds
Number of updated asset objects reloaded before import = 0
Number of asset objects unloaded after import = 276
========================================================================
Received Import Request.
  Time since last request: 86.196655 seconds.
  path: Assets/Goblins_pack/Materials/Goblin_Archer_eq.mat
  artifactKey: Guid(d52c4cf485a650246a5793f009d6cc17) Importer(815301076,1909f56bfc062723c751e8b465ee728b)
Start importing Assets/Goblins_pack/Materials/Goblin_Archer_eq.mat using Guid(d52c4cf485a650246a5793f009d6cc17) Importer(815301076,1909f56bfc062723c751e8b465ee728b) [PhysX] Initialized MultithreadedTaskDispatcher with 16 workers.
[PhysX] Initialized MultithreadedTaskDispatcher with 16 workers.
 -> (artifact id: '74b652aaf383b3d9674816992939c3a9') in 0.045839 seconds
Number of updated asset objects reloaded before import = 0
Number of asset objects unloaded after import = 2
========================================================================
Received Import Request.
  Time since last request: 0.363436 seconds.
  path: Assets/Goblins_pack/Materials/Goblin_Shaman_orig.mat
  artifactKey: Guid(f0443cdec1d17584c909680a55a06598) Importer(815301076,1909f56bfc062723c751e8b465ee728b)
Start importing Assets/Goblins_pack/Materials/Goblin_Shaman_orig.mat using Guid(f0443cdec1d17584c909680a55a06598) Importer(815301076,1909f56bfc062723c751e8b465ee728b) [PhysX] Initialized MultithreadedTaskDispatcher with 16 workers.
[PhysX] Initialized MultithreadedTaskDispatcher with 16 workers.
 -> (artifact id: '329a7f19924af9be29288e3e7d9aa034') in 0.030267 seconds
Number of updated asset objects reloaded before import = 0
Number of asset objects unloaded after import = 1
========================================================================
Received Import Request.
  Time since last request: 0.103060 seconds.
  path: Assets/Goblins_pack/Materials/Goblin_skin_arc_orig.mat
  artifactKey: Guid(07cfcb6b62b7e894e96c9890a52d823c) Importer(815301076,1909f56bfc062723c751e8b465ee728b)
Start importing Assets/Goblins_pack/Materials/Goblin_skin_arc_orig.mat using Guid(07cfcb6b62b7e894e96c9890a52d823c) Importer(815301076,1909f56bfc062723c751e8b465ee728b) [PhysX] Initialized MultithreadedTaskDispatcher with 16 workers.
[PhysX] Initialized MultithreadedTaskDispatcher with 16 workers.
 -> (artifact id: 'e06b37416afda833f5835ffc99d15059') in 0.015739 seconds
Number of updated asset objects reloaded before import = 0
Number of asset objects unloaded after import = 1
========================================================================
Received Import Request.
  Time since last request: 0.000050 seconds.
  path: Assets/Goblins_pack/Materials/Goblin_Warrior_eq.mat
  artifactKey: Guid(bd8181b98c7e6d6429732a356d1dca27) Importer(815301076,1909f56bfc062723c751e8b465ee728b)
Start importing Assets/Goblins_pack/Materials/Goblin_Warrior_eq.mat using Guid(bd8181b98c7e6d6429732a356d1dca27) Importer(815301076,1909f56bfc062723c751e8b465ee728b) [PhysX] Initialized MultithreadedTaskDispatcher with 16 workers.
[PhysX] Initialized MultithreadedTaskDispatcher with 16 workers.
 -> (artifact id: 'b25fbc4c58ece2d7ae6964a7d5c437cb') in 0.050187 seconds
Number of updated asset objects reloaded before import = 0
Number of asset objects unloaded after import = 2
========================================================================
Received Import Request.
  Time since last request: 0.000034 seconds.
  path: Assets/Goblins_pack/Materials/Goblin_shaman_skin.mat
  artifactKey: Guid(1ea1d58d9e75ed7459d3259fccca1d80) Importer(815301076,1909f56bfc062723c751e8b465ee728b)
Start importing Assets/Goblins_pack/Materials/Goblin_shaman_skin.mat using Guid(1ea1d58d9e75ed7459d3259fccca1d80) Importer(815301076,1909f56bfc062723c751e8b465ee728b) [PhysX] Initialized MultithreadedTaskDispatcher with 16 workers.
[PhysX] Initialized MultithreadedTaskDispatcher with 16 workers.
 -> (artifact id: '387bbff7e76fb26c16cc32866daeccfc') in 0.017258 seconds
Number of updated asset objects reloaded before import = 0
Number of asset objects unloaded after import = 2
========================================================================
Received Import Request.
  Time since last request: 0.000042 seconds.
  path: Assets/Goblins_pack/Materials/Goblin_warrior_skin.mat
  artifactKey: Guid(adcf965e619e21e47839fd72b625029d) Importer(815301076,1909f56bfc062723c751e8b465ee728b)
Start importing Assets/Goblins_pack/Materials/Goblin_warrior_skin.mat using Guid(adcf965e619e21e47839fd72b625029d) Importer(815301076,1909f56bfc062723c751e8b465ee728b) [PhysX] Initialized MultithreadedTaskDispatcher with 16 workers.
[PhysX] Initialized MultithreadedTaskDispatcher with 16 workers.
 -> (artifact id: 'f302e22aeee15bcb7d8e7ffdd31c3dfe') in 0.033190 seconds
Number of updated asset objects reloaded before import = 0
Number of asset objects unloaded after import = 2
Editor requested this worker to shutdown with reason: Scaling down because of idle timeout
TcpMessagingSession - receive error: operation aborted. errorcode: 995, details: 由于线程退出或应用程序请求，已中止 I/O 操作。
AssetImportWorker is now disconnected from the server
Process exiting
Exiting without the bug reporter. Application will terminate with return code 0